<?xml version="1.0" encoding="UTF-8"?>
<!-- Generated by org.testng.reporters.JUnitReportReporter -->
<testsuite hostname="DESKTOP-ML6HCQP" failures="0" tests="2" name="utility.Test_case" time="6.382" errors="0" timestamp="2023-10-29T16:59:23 IST" skipped="0">
  <testcase classname="utility.Test_case" name="adminclick" time="4.956"/>
  <testcase classname="utility.Test_case" name="adminpage" time="1.426"/>
</testsuite> <!-- utility.Test_case -->
